t:1 r:0 a:1
t:2 r:0 a:5
t:3 r:0 a:4
t:4 r:0 a:3
t:5 r:0 a:1
t:6 r:0 a:3
t:7 r:0 a:3
t:8 r:0 a:3
t:9 r:0 a:5
t:10 r:0 a:1
pi_loss:-0.155821 v_loss:1.76371e-05
t:11 r:0 a:2
t:12 r:0 a:1
t:13 r:0 a:3
t:14 r:0 a:4
t:15 r:0 a:2
t:16 r:0 a:5
t:17 r:0 a:2
t:18 r:0 a:0
t:19 r:0 a:3
t:20 r:0 a:0
pi_loss:-0.147279 v_loss:1.11821e-05
t:21 r:0 a:0
t:22 r:0 a:5
t:23 r:0 a:0
t:24 r:0 a:3
t:25 r:0 a:0
t:26 r:0 a:2
t:27 r:0 a:1
t:28 r:0 a:0
t:29 r:0 a:3
t:30 r:0 a:1
pi_loss:-0.160726 v_loss:4.94292e-06
t:31 r:0 a:5
t:32 r:0 a:5
t:33 r:0 a:2
t:34 r:0 a:1
t:35 r:0 a:2
t:36 r:0 a:3
t:37 r:0 a:2
t:38 r:0 a:5
t:39 r:0 a:3
t:40 r:0 a:3
pi_loss:-0.209848 v_loss:9.78098e-06
t:41 r:0 a:5
t:42 r:0 a:0
t:43 r:0 a:4
t:44 r:0 a:5
t:45 r:0 a:1
t:46 r:0 a:0
t:47 r:0 a:3
t:48 r:0 a:0
t:49 r:0 a:3
t:50 r:0 a:5
pi_loss:-0.167595 v_loss:3.4735e-06
t:51 r:0 a:2
t:52 r:0 a:5
t:53 r:0 a:2
t:54 r:0 a:0
t:55 r:0 a:2
t:56 r:0 a:3
t:57 r:0 a:2
t:58 r:0 a:1
t:59 r:0 a:4
t:60 r:0 a:1
pi_loss:-17.4635 v_loss:2.27816
t:61 r:-1 a:4
t:62 r:0 a:0
t:63 r:0 a:2
t:64 r:0 a:4
t:65 r:0 a:2
t:66 r:0 a:2
t:67 r:0 a:0
t:68 r:0 a:5
t:69 r:0 a:1
t:70 r:0 a:3
pi_loss:-0.0537968 v_loss:0.000140684
t:71 r:0 a:1
t:72 r:0 a:1
t:73 r:0 a:3
t:74 r:0 a:3
t:75 r:0 a:4
t:76 r:0 a:1
t:77 r:0 a:3
t:78 r:0 a:4
t:79 r:0 a:4
t:80 r:0 a:3
pi_loss:-0.0440883 v_loss:0.0001727
t:81 r:0 a:0
t:82 r:0 a:4
t:83 r:0 a:3
t:84 r:0 a:3
t:85 r:0 a:1
t:86 r:0 a:2
t:87 r:0 a:0
t:88 r:0 a:1
t:89 r:0 a:5
t:90 r:0 a:3
pi_loss:-0.0384223 v_loss:0.000179538
t:91 r:0 a:3
t:92 r:0 a:4
t:93 r:0 a:0
t:94 r:0 a:1
t:95 r:0 a:3
t:96 r:-1 a:2
t:97 r:0 a:2
t:98 r:0 a:5
t:99 r:0 a:4
t:100 r:0 a:4
pi_loss:-8.80146 v_loss:1.17682
t:101 r:0 a:1
t:102 r:0 a:4
t:103 r:0 a:2
t:104 r:0 a:3
t:105 r:0 a:4
t:106 r:0 a:4
t:107 r:0 a:4
t:108 r:0 a:1
t:109 r:0 a:2
t:110 r:0 a:4
pi_loss:-0.00423514 v_loss:0.000303313
t:111 r:0 a:5
t:112 r:0 a:2
t:113 r:0 a:3
t:114 r:0 a:1
t:115 r:0 a:3
t:116 r:0 a:0
t:117 r:0 a:5
t:118 r:0 a:3
t:119 r:0 a:5
t:120 r:0 a:3
pi_loss:0.0362218 v_loss:0.000474891
t:121 r:0 a:5
t:122 r:0 a:4
t:123 r:0 a:4
t:124 r:0 a:4
t:125 r:0 a:4
t:126 r:0 a:3
t:127 r:0 a:2
t:128 r:0 a:4
t:129 r:0 a:3
t:130 r:0 a:4
pi_loss:-16.4513 v_loss:2.23255
t:131 r:-1 a:2
t:132 r:0 a:5
t:133 r:0 a:4
t:134 r:0 a:5
t:135 r:0 a:5
t:136 r:0 a:3
t:137 r:0 a:4
t:138 r:0 a:2
t:139 r:0 a:4
t:140 r:0 a:1
pi_loss:0.144433 v_loss:0.00107986
t:141 r:0 a:1
t:142 r:0 a:2
t:143 r:0 a:3
t:144 r:0 a:1
t:145 r:0 a:1
t:146 r:0 a:4
t:147 r:0 a:0
t:148 r:0 a:5
t:149 r:0 a:0
t:150 r:0 a:4
pi_loss:0.15447 v_loss:0.00102372
t:151 r:0 a:4
t:152 r:0 a:1
t:153 r:0 a:4
t:154 r:0 a:3
t:155 r:0 a:1
t:156 r:0 a:5
t:157 r:0 a:0
t:158 r:0 a:1
t:159 r:0 a:3
t:160 r:0 a:1
pi_loss:0.160374 v_loss:0.00106483
t:161 r:0 a:0
t:162 r:0 a:5
t:163 r:0 a:5
t:164 r:0 a:4
t:165 r:0 a:0
t:166 r:-1 a:5
t:167 r:0 a:3
t:168 r:0 a:0
t:169 r:0 a:5
t:170 r:0 a:5
pi_loss:-8.60533 v_loss:1.13818
t:171 r:0 a:3
t:172 r:0 a:3
t:173 r:0 a:3
t:174 r:0 a:1
t:175 r:0 a:4
t:176 r:0 a:1
t:177 r:0 a:2
t:178 r:0 a:1
t:179 r:0 a:3
t:180 r:0 a:3
pi_loss:0.17453 v_loss:0.00132024
t:181 r:0 a:3
t:182 r:0 a:4
t:183 r:0 a:0
t:184 r:0 a:2
t:185 r:0 a:4
t:186 r:0 a:5
t:187 r:0 a:0
t:188 r:0 a:0
t:189 r:0 a:4
t:190 r:0 a:5
pi_loss:0.249071 v_loss:0.00173387
t:191 r:0 a:2
t:192 r:0 a:4
t:193 r:0 a:1
t:194 r:0 a:3
t:195 r:0 a:5
t:196 r:0 a:4
t:197 r:0 a:1
t:198 r:0 a:1
t:199 r:0 a:0
t:200 r:0 a:1
pi_loss:-17.2145 v_loss:2.1848
t:201 r:-1 a:1
t:202 r:0 a:5
t:203 r:0 a:5
t:204 r:0 a:3
t:205 r:0 a:0
t:206 r:0 a:0
t:207 r:0 a:5
t:208 r:0 a:5
t:209 r:0 a:0
t:210 r:0 a:2
pi_loss:0.348361 v_loss:0.00272509
t:211 r:0 a:5
t:212 r:0 a:4
t:213 r:0 a:3
t:214 r:0 a:3
t:215 r:0 a:0
t:216 r:0 a:2
t:217 r:0 a:3
t:218 r:0 a:4
t:219 r:0 a:3
t:220 r:0 a:2
pi_loss:0.336627 v_loss:0.00277108
t:221 r:0 a:1
t:222 r:0 a:4
t:223 r:0 a:5
