t:1 r:0 a:0
t:2 r:0 a:0
t:3 r:0 a:5
t:4 r:0 a:1
t:5 r:0 a:2
t:6 r:0 a:3
t:7 r:0 a:1
t:8 r:0 a:1
t:9 r:0 a:5
t:10 r:0 a:4
pi_loss:-0.237395 v_loss:0.000183588
t:11 r:0 a:5
t:12 r:0 a:1
t:13 r:0 a:2
t:14 r:0 a:1
t:15 r:0 a:3
t:16 r:0 a:4
t:17 r:0 a:2
t:18 r:0 a:5
t:19 r:0 a:2
t:20 r:0 a:0
pi_loss:-0.166214 v_loss:3.20176e-06
t:21 r:0 a:3
t:22 r:0 a:0
t:23 r:0 a:0
t:24 r:0 a:5
t:25 r:0 a:0
t:26 r:0 a:3
t:27 r:0 a:0
t:28 r:0 a:2
t:29 r:0 a:1
t:30 r:0 a:0
pi_loss:-0.195766 v_loss:3.01823e-06
t:31 r:0 a:3
t:32 r:0 a:1
t:33 r:0 a:5
t:34 r:0 a:5
t:35 r:0 a:2
t:36 r:0 a:1
t:37 r:0 a:2
t:38 r:0 a:3
t:39 r:0 a:2
t:40 r:0 a:5
pi_loss:-0.1142 v_loss:3.50591e-05
t:41 r:0 a:3
t:42 r:0 a:3
t:43 r:0 a:5
t:44 r:0 a:0
t:45 r:0 a:4
t:46 r:0 a:5
t:47 r:0 a:1
t:48 r:0 a:0
t:49 r:0 a:3
t:50 r:0 a:0
pi_loss:-0.19073 v_loss:3.9221e-06
t:51 r:0 a:3
t:52 r:0 a:5
t:53 r:0 a:2
t:54 r:0 a:5
t:55 r:0 a:2
t:56 r:0 a:0
t:57 r:0 a:2
t:58 r:0 a:3
t:59 r:0 a:2
t:60 r:0 a:1
pi_loss:-17.1108 v_loss:2.28575
t:61 r:-1 a:4
t:62 r:0 a:1
t:63 r:0 a:4
t:64 r:0 a:0
t:65 r:0 a:2
t:66 r:0 a:4
t:67 r:0 a:2
t:68 r:0 a:2
t:69 r:0 a:0
t:70 r:0 a:5
pi_loss:-0.0245176 v_loss:0.000213669
t:71 r:0 a:1
t:72 r:0 a:3
t:73 r:0 a:1
t:74 r:0 a:1
t:75 r:0 a:3
t:76 r:0 a:3
t:77 r:0 a:4
t:78 r:0 a:1
t:79 r:0 a:3
t:80 r:0 a:4
pi_loss:0.00596479 v_loss:0.000323997
t:81 r:0 a:4
t:82 r:0 a:3
